{"level":"info","message":"Winston logging initialized","timestamp":"2025-06-28T16:26:08.294Z"}
{"level":"info","message":"Winston logging initialized","timestamp":"2025-06-28T16:26:34.806Z"}
{"level":"info","message":"Winston logging initialized","timestamp":"2025-06-28T16:27:21.938Z"}
{"level":"info","message":"Winston logging initialized","timestamp":"2025-06-28T16:27:30.813Z"}
{"level":"info","message":"Winston logging initialized","timestamp":"2025-06-28T16:28:29.620Z"}
{"level":"info","message":"Winston logging initialized","timestamp":"2025-06-28T16:30:42.430Z"}
{"level":"info","message":"Winston logging initialized","timestamp":"2025-06-28T16:31:31.844Z"}
{"date":"Sat Jun 28 2025 22:01:32 GMT+0530 (India Standard Time)","error":{},"level":"error","message":"unhandledRejection: logger.info is not a function\nTypeError: logger.info is not a function\n    at E:\\Projects\\Auth-Service-Api\\startup\\db.js:6:28\n    at process.processTicksAndRejections (node:internal/process/task_queues:95:5)","os":{"loadavg":[0,0,0],"uptime":207946.75},"process":{"argv":["C:\\Program Files\\nodejs\\node.exe","E:\\Projects\\Auth-Service-Api\\index.js"],"cwd":"E:\\Projects\\Auth-Service-Api","execPath":"C:\\Program Files\\nodejs\\node.exe","gid":null,"memoryUsage":{"arrayBuffers":18263460,"external":20695519,"heapTotal":58482688,"heapUsed":23089376,"rss":76079104},"pid":27420,"uid":null,"version":"v20.11.1"},"rejection":true,"stack":"TypeError: logger.info is not a function\n    at E:\\Projects\\Auth-Service-Api\\startup\\db.js:6:28\n    at process.processTicksAndRejections (node:internal/process/task_queues:95:5)","timestamp":"2025-06-28T16:31:32.085Z","trace":[{"column":28,"file":"E:\\Projects\\Auth-Service-Api\\startup\\db.js","function":null,"line":6,"method":null,"native":false},{"column":5,"file":"node:internal/process/task_queues","function":"process.processTicksAndRejections","line":95,"method":"processTicksAndRejections","native":false}]}
{"level":"info","message":"Winston logging initialized","timestamp":"2025-06-28T16:32:53.392Z"}
{"date":"Sat Jun 28 2025 22:02:53 GMT+0530 (India Standard Time)","error":{},"level":"error","message":"unhandledRejection: logger.info is not a function\nTypeError: logger.info is not a function\n    at E:\\Projects\\Auth-Service-Api\\startup\\db.js:6:28\n    at process.processTicksAndRejections (node:internal/process/task_queues:95:5)","os":{"loadavg":[0,0,0],"uptime":208028.375},"process":{"argv":["C:\\Program Files\\nodejs\\node.exe","E:\\Projects\\Auth-Service-Api\\index.js"],"cwd":"E:\\Projects\\Auth-Service-Api","execPath":"C:\\Program Files\\nodejs\\node.exe","gid":null,"memoryUsage":{"arrayBuffers":18263460,"external":20695519,"heapTotal":58482688,"heapUsed":23164296,"rss":76161024},"pid":28776,"uid":null,"version":"v20.11.1"},"rejection":true,"stack":"TypeError: logger.info is not a function\n    at E:\\Projects\\Auth-Service-Api\\startup\\db.js:6:28\n    at process.processTicksAndRejections (node:internal/process/task_queues:95:5)","timestamp":"2025-06-28T16:32:53.709Z","trace":[{"column":28,"file":"E:\\Projects\\Auth-Service-Api\\startup\\db.js","function":null,"line":6,"method":null,"native":false},{"column":5,"file":"node:internal/process/task_queues","function":"process.processTicksAndRejections","line":95,"method":"processTicksAndRejections","native":false}]}
{"level":"info","message":"Winston logging initialized","timestamp":"2025-06-28T16:34:22.058Z"}
{"date":"Sat Jun 28 2025 22:04:22 GMT+0530 (India Standard Time)","error":{},"level":"error","message":"unhandledRejection: logger.info is not a function\nTypeError: logger.info is not a function\n    at E:\\Projects\\Auth-Service-Api\\startup\\db.js:6:28\n    at process.processTicksAndRejections (node:internal/process/task_queues:95:5)","os":{"loadavg":[0,0,0],"uptime":208116.859},"process":{"argv":["C:\\Program Files\\nodejs\\node.exe","E:\\Projects\\Auth-Service-Api\\index.js"],"cwd":"E:\\Projects\\Auth-Service-Api","execPath":"C:\\Program Files\\nodejs\\node.exe","gid":null,"memoryUsage":{"arrayBuffers":18263460,"external":20695519,"heapTotal":58482688,"heapUsed":23014512,"rss":76025856},"pid":29692,"uid":null,"version":"v20.11.1"},"rejection":true,"stack":"TypeError: logger.info is not a function\n    at E:\\Projects\\Auth-Service-Api\\startup\\db.js:6:28\n    at process.processTicksAndRejections (node:internal/process/task_queues:95:5)","timestamp":"2025-06-28T16:34:22.199Z","trace":[{"column":28,"file":"E:\\Projects\\Auth-Service-Api\\startup\\db.js","function":null,"line":6,"method":null,"native":false},{"column":5,"file":"node:internal/process/task_queues","function":"process.processTicksAndRejections","line":95,"method":"processTicksAndRejections","native":false}]}
{"level":"info","message":"Winston logging initialized","timestamp":"2025-06-28T16:37:05.145Z"}
{"date":"Sat Jun 28 2025 22:07:05 GMT+0530 (India Standard Time)","error":{},"level":"error","message":"unhandledRejection: logger.info is not a function\nTypeError: logger.info is not a function\n    at E:\\Projects\\Auth-Service-Api\\startup\\db.js:6:28\n    at process.processTicksAndRejections (node:internal/process/task_queues:95:5)","os":{"loadavg":[0,0,0],"uptime":208280},"process":{"argv":["C:\\Program Files\\nodejs\\node.exe","E:\\Projects\\Auth-Service-Api\\index.js"],"cwd":"E:\\Projects\\Auth-Service-Api","execPath":"C:\\Program Files\\nodejs\\node.exe","gid":null,"memoryUsage":{"arrayBuffers":18263284,"external":20671436,"heapTotal":58220544,"heapUsed":22985544,"rss":76066816},"pid":27604,"uid":null,"version":"v20.11.1"},"rejection":true,"stack":"TypeError: logger.info is not a function\n    at E:\\Projects\\Auth-Service-Api\\startup\\db.js:6:28\n    at process.processTicksAndRejections (node:internal/process/task_queues:95:5)","timestamp":"2025-06-28T16:37:05.335Z","trace":[{"column":28,"file":"E:\\Projects\\Auth-Service-Api\\startup\\db.js","function":null,"line":6,"method":null,"native":false},{"column":5,"file":"node:internal/process/task_queues","function":"process.processTicksAndRejections","line":95,"method":"processTicksAndRejections","native":false}]}
{"level":"info","message":"Winston logging initialized","timestamp":"2025-06-28T16:40:36.188Z"}
{"level":"info","message":"Connected to MongoDB...","timestamp":"2025-06-28T16:40:36.361Z"}
{"level":"info","message":"Winston logging initialized","timestamp":"2025-06-28T16:41:39.120Z"}
{"level":"info","message":"Connected to MongoDB...","timestamp":"2025-06-28T16:41:39.176Z"}
{"level":"info","message":"Winston logging initialized","timestamp":"2025-06-28T16:43:08.647Z"}
{"level":"info","message":"Logger initialized in index.js","timestamp":"2025-06-28T16:43:08.652Z"}
{"level":"info","message":"Connected to MongoDB...","timestamp":"2025-06-28T16:43:08.810Z"}
{"level":"info","message":"Winston logging initialized","timestamp":"2025-06-28T16:45:05.411Z"}
{"level":"info","message":"Logger initialized in index.js","timestamp":"2025-06-28T16:45:05.431Z"}
{"level":"info","message":"Winston logging initialized","timestamp":"2025-06-28T16:46:49.103Z"}
{"level":"info","message":"Logger initialized in index.js","timestamp":"2025-06-28T16:46:49.109Z"}
{"level":"info","message":"Winston logging initialized","timestamp":"2025-06-28T16:49:07.935Z"}
{"level":"info","message":"Logger initialized in index.js","timestamp":"2025-06-28T16:49:07.942Z"}
{"level":"info","message":"Winston logging initialized","timestamp":"2025-06-28T16:49:22.782Z"}
{"level":"info","message":"Logger initialized in index.js","timestamp":"2025-06-28T16:49:22.789Z"}
{"level":"info","message":"Connected to MongoDB...","timestamp":"2025-06-28T16:49:23.027Z"}
{"level":"info","message":"Winston logging initialized","timestamp":"2025-06-28T16:49:33.535Z"}
{"level":"info","message":"Logger initialized in index.js","timestamp":"2025-06-28T16:49:33.541Z"}
{"level":"info","message":"Connected to MongoDB...","timestamp":"2025-06-28T16:49:33.720Z"}
{"level":"info","message":"Winston logging initialized","timestamp":"2025-06-28T16:52:01.477Z"}
{"level":"info","message":"Logger initialized in index.js","timestamp":"2025-06-28T16:52:01.483Z"}
{"level":"info","message":"Connected to MongoDB...","timestamp":"2025-06-28T16:52:01.658Z"}
{"level":"info","message":"Winston logging initialized","timestamp":"2025-06-28T16:52:10.387Z"}
{"level":"info","message":"Logger initialized in index.js","timestamp":"2025-06-28T16:52:10.393Z"}
{"level":"info","message":"Connected to MongoDB...","timestamp":"2025-06-28T16:52:10.536Z"}
{"level":"info","message":"Logger initialized in index.js","timestamp":"2025-06-28T16:52:36.714Z"}
{"level":"info","message":"Connected to MongoDB...","timestamp":"2025-06-28T16:52:36.988Z"}
{"level":"info","message":"Connected to MongoDB...","timestamp":"2025-06-28T16:52:45.169Z"}
{"level":"info","message":"Connected to MongoDB...","timestamp":"2025-06-28T16:52:50.960Z"}
